versions pytest-8.4.2, python-3.13.9.final.0
invocation_dir=C:\Users\OmarDorgham\PycharmProjects\Test_login_page
cwd=C:\Users\OmarDorgham\PycharmProjects\Test_login_page
args=('--debug',)

  pytest_cmdline_main [hook]
      config: <_pytest.config.Config object at 0x000001B142F57380>
    pytest_plugin_registered [hook]
        plugin: <Session  exitstatus='<UNSET>' testsfailed=0 testscollected=0>
        plugin_name: session
        manager: <_pytest.config.PytestPluginManager object at 0x000001B142F54EC0>
    finish pytest_plugin_registered --> [] [hook]
    pytest_configure [hook]
        config: <_pytest.config.Config object at 0x000001B142F57380>
    early skip of rewriting module: importlib.metadata._adapters [assertion]
    early skip of rewriting module: email.message [assertion]
    early skip of rewriting module: quopri [assertion]
    early skip of rewriting module: email.utils [assertion]
    early skip of rewriting module: email._parseaddr [assertion]
    early skip of rewriting module: email.errors [assertion]
    early skip of rewriting module: email._policybase [assertion]
    early skip of rewriting module: email.header [assertion]
    early skip of rewriting module: email.quoprimime [assertion]
    early skip of rewriting module: email.base64mime [assertion]
    early skip of rewriting module: email.charset [assertion]
    early skip of rewriting module: email.encoders [assertion]
    early skip of rewriting module: email._encoded_words [assertion]
    early skip of rewriting module: email.iterators [assertion]
    early skip of rewriting module: importlib.metadata._text [assertion]
    early skip of rewriting module: email.parser [assertion]
    early skip of rewriting module: email.feedparser [assertion]
      pytest_metadata [hook]
          metadata: {'Python': '3.13.9', 'Platform': 'Windows-11-10.0.26100-SP0', 'Packages': {'pytest': '8.4.2', 'pluggy': '1.6.0'}, 'Plugins': {'base-url': '2.1.0', 'html': '4.1.1', 'json-report': '1.5.0', 'metadata': '3.1.1', 'parallel': '0.1.1', 'playwright': '0.7.1'}, 'JAVA_HOME': 'C:\\Program Files\\Java\\jdk-21'}
          config: <_pytest.config.Config object at 0x000001B142F57380>
      finish pytest_metadata --> [] [hook]
      pytest_plugin_registered [hook]
          plugin: <_pytest.cacheprovider.LFPlugin object at 0x000001B144E64590>
          plugin_name: lfplugin
          manager: <_pytest.config.PytestPluginManager object at 0x000001B142F54EC0>
      finish pytest_plugin_registered --> [] [hook]
      pytest_plugin_registered [hook]
          plugin: <_pytest.cacheprovider.NFPlugin object at 0x000001B144E64440>
          plugin_name: nfplugin
          manager: <_pytest.config.PytestPluginManager object at 0x000001B142F54EC0>
      finish pytest_plugin_registered --> [] [hook]
    early skip of rewriting module: faulthandler [assertion]
      pytest_plugin_registered [hook]
          plugin: <class '_pytest.legacypath.LegacyTmpdirPlugin'>
          plugin_name: legacypath-tmpdir
          manager: <_pytest.config.PytestPluginManager object at 0x000001B142F54EC0>
      finish pytest_plugin_registered --> [] [hook]
    early skip of rewriting module: pdb [assertion]
    early skip of rewriting module: cmd [assertion]
    early skip of rewriting module: code [assertion]
    early skip of rewriting module: codeop [assertion]
      pytest_plugin_registered [hook]
          plugin: <_pytest.config.PytestPluginManager object at 0x000001B142F54EC0>
          plugin_name: 1860844211904
          manager: <_pytest.config.PytestPluginManager object at 0x000001B142F54EC0>
      finish pytest_plugin_registered --> [] [hook]
      pytest_plugin_registered [hook]
          plugin: <_pytest.config.Config object at 0x000001B142F57380>
          plugin_name: pytestconfig
          manager: <_pytest.config.PytestPluginManager object at 0x000001B142F54EC0>
      finish pytest_plugin_registered --> [] [hook]
      pytest_plugin_registered [hook]
          plugin: <module '_pytest.mark' from 'C:\\Users\\OmarDorgham\\PycharmProjects\\Test_login_page\\.venv\\Lib\\site-packages\\_pytest\\mark\\__init__.py'>
          plugin_name: mark
          manager: <_pytest.config.PytestPluginManager object at 0x000001B142F54EC0>
      finish pytest_plugin_registered --> [] [hook]
      pytest_plugin_registered [hook]
          plugin: <module '_pytest.main' from 'C:\\Users\\OmarDorgham\\PycharmProjects\\Test_login_page\\.venv\\Lib\\site-packages\\_pytest\\main.py'>
          plugin_name: main
          manager: <_pytest.config.PytestPluginManager object at 0x000001B142F54EC0>
      finish pytest_plugin_registered --> [] [hook]
      pytest_plugin_registered [hook]
          plugin: <module '_pytest.runner' from 'C:\\Users\\OmarDorgham\\PycharmProjects\\Test_login_page\\.venv\\Lib\\site-packages\\_pytest\\runner.py'>
          plugin_name: runner
          manager: <_pytest.config.PytestPluginManager object at 0x000001B142F54EC0>
      finish pytest_plugin_registered --> [] [hook]
      pytest_plugin_registered [hook]
          plugin: <module '_pytest.fixtures' from 'C:\\Users\\OmarDorgham\\PycharmProjects\\Test_login_page\\.venv\\Lib\\site-packages\\_pytest\\fixtures.py'>
          plugin_name: fixtures
          manager: <_pytest.config.PytestPluginManager object at 0x000001B142F54EC0>
      finish pytest_plugin_registered --> [] [hook]
      pytest_plugin_registered [hook]
          plugin: <module '_pytest.helpconfig' from 'C:\\Users\\OmarDorgham\\PycharmProjects\\Test_login_page\\.venv\\Lib\\site-packages\\_pytest\\helpconfig.py'>
          plugin_name: helpconfig
          manager: <_pytest.config.PytestPluginManager object at 0x000001B142F54EC0>
      finish pytest_plugin_registered --> [] [hook]
      pytest_plugin_registered [hook]
          plugin: <module '_pytest.python' from 'C:\\Users\\OmarDorgham\\PycharmProjects\\Test_login_page\\.venv\\Lib\\site-packages\\_pytest\\python.py'>
          plugin_name: python
          manager: <_pytest.config.PytestPluginManager object at 0x000001B142F54EC0>
      finish pytest_plugin_registered --> [] [hook]
      pytest_plugin_registered [hook]
          plugin: <module '_pytest.terminal' from 'C:\\Users\\OmarDorgham\\PycharmProjects\\Test_login_page\\.venv\\Lib\\site-packages\\_pytest\\terminal.py'>
          plugin_name: terminal
          manager: <_pytest.config.PytestPluginManager object at 0x000001B142F54EC0>
      finish pytest_plugin_registered --> [] [hook]
      pytest_plugin_registered [hook]
          plugin: <module '_pytest.debugging' from 'C:\\Users\\OmarDorgham\\PycharmProjects\\Test_login_page\\.venv\\Lib\\site-packages\\_pytest\\debugging.py'>
          plugin_name: debugging
          manager: <_pytest.config.PytestPluginManager object at 0x000001B142F54EC0>
      finish pytest_plugin_registered --> [] [hook]
      pytest_plugin_registered [hook]
          plugin: <module '_pytest.unittest' from 'C:\\Users\\OmarDorgham\\PycharmProjects\\Test_login_page\\.venv\\Lib\\site-packages\\_pytest\\unittest.py'>
          plugin_name: unittest
          manager: <_pytest.config.PytestPluginManager object at 0x000001B142F54EC0>
      finish pytest_plugin_registered --> [] [hook]
      pytest_plugin_registered [hook]
          plugin: <module '_pytest.capture' from 'C:\\Users\\OmarDorgham\\PycharmProjects\\Test_login_page\\.venv\\Lib\\site-packages\\_pytest\\capture.py'>
          plugin_name: capture
          manager: <_pytest.config.PytestPluginManager object at 0x000001B142F54EC0>
      finish pytest_plugin_registered --> [] [hook]
      pytest_plugin_registered [hook]
          plugin: <module '_pytest.skipping' from 'C:\\Users\\OmarDorgham\\PycharmProjects\\Test_login_page\\.venv\\Lib\\site-packages\\_pytest\\skipping.py'>
          plugin_name: skipping
          manager: <_pytest.config.PytestPluginManager object at 0x000001B142F54EC0>
      finish pytest_plugin_registered --> [] [hook]
      pytest_plugin_registered [hook]
          plugin: <module '_pytest.legacypath' from 'C:\\Users\\OmarDorgham\\PycharmProjects\\Test_login_page\\.venv\\Lib\\site-packages\\_pytest\\legacypath.py'>
          plugin_name: legacypath
          manager: <_pytest.config.PytestPluginManager object at 0x000001B142F54EC0>
      finish pytest_plugin_registered --> [] [hook]
      pytest_plugin_registered [hook]
          plugin: <module '_pytest.tmpdir' from 'C:\\Users\\OmarDorgham\\PycharmProjects\\Test_login_page\\.venv\\Lib\\site-packages\\_pytest\\tmpdir.py'>
          plugin_name: tmpdir
          manager: <_pytest.config.PytestPluginManager object at 0x000001B142F54EC0>
      finish pytest_plugin_registered --> [] [hook]
      pytest_plugin_registered [hook]
          plugin: <module '_pytest.monkeypatch' from 'C:\\Users\\OmarDorgham\\PycharmProjects\\Test_login_page\\.venv\\Lib\\site-packages\\_pytest\\monkeypatch.py'>
          plugin_name: monkeypatch
          manager: <_pytest.config.PytestPluginManager object at 0x000001B142F54EC0>
      finish pytest_plugin_registered --> [] [hook]
      pytest_plugin_registered [hook]
          plugin: <module '_pytest.recwarn' from 'C:\\Users\\OmarDorgham\\PycharmProjects\\Test_login_page\\.venv\\Lib\\site-packages\\_pytest\\recwarn.py'>
          plugin_name: recwarn
          manager: <_pytest.config.PytestPluginManager object at 0x000001B142F54EC0>
      finish pytest_plugin_registered --> [] [hook]
      pytest_plugin_registered [hook]
          plugin: <module '_pytest.pastebin' from 'C:\\Users\\OmarDorgham\\PycharmProjects\\Test_login_page\\.venv\\Lib\\site-packages\\_pytest\\pastebin.py'>
          plugin_name: pastebin
          manager: <_pytest.config.PytestPluginManager object at 0x000001B142F54EC0>
      finish pytest_plugin_registered --> [] [hook]
      pytest_plugin_registered [hook]
          plugin: <module '_pytest.assertion' from 'C:\\Users\\OmarDorgham\\PycharmProjects\\Test_login_page\\.venv\\Lib\\site-packages\\_pytest\\assertion\\__init__.py'>
          plugin_name: assertion
          manager: <_pytest.config.PytestPluginManager object at 0x000001B142F54EC0>
      finish pytest_plugin_registered --> [] [hook]
      pytest_plugin_registered [hook]
          plugin: <module '_pytest.junitxml' from 'C:\\Users\\OmarDorgham\\PycharmProjects\\Test_login_page\\.venv\\Lib\\site-packages\\_pytest\\junitxml.py'>
          plugin_name: junitxml
          manager: <_pytest.config.PytestPluginManager object at 0x000001B142F54EC0>
      finish pytest_plugin_registered --> [] [hook]
      pytest_plugin_registered [hook]
          plugin: <module '_pytest.doctest' from 'C:\\Users\\OmarDorgham\\PycharmProjects\\Test_login_page\\.venv\\Lib\\site-packages\\_pytest\\doctest.py'>
          plugin_name: doctest
          manager: <_pytest.config.PytestPluginManager object at 0x000001B142F54EC0>
      finish pytest_plugin_registered --> [] [hook]
      pytest_plugin_registered [hook]
          plugin: <module '_pytest.cacheprovider' from 'C:\\Users\\OmarDorgham\\PycharmProjects\\Test_login_page\\.venv\\Lib\\site-packages\\_pytest\\cacheprovider.py'>
          plugin_name: cacheprovider
          manager: <_pytest.config.PytestPluginManager object at 0x000001B142F54EC0>
      finish pytest_plugin_registered --> [] [hook]
      pytest_plugin_registered [hook]
          plugin: <module '_pytest.freeze_support' from 'C:\\Users\\OmarDorgham\\PycharmProjects\\Test_login_page\\.venv\\Lib\\site-packages\\_pytest\\freeze_support.py'>
          plugin_name: freeze_support
          manager: <_pytest.config.PytestPluginManager object at 0x000001B142F54EC0>
      finish pytest_plugin_registered --> [] [hook]
      pytest_plugin_registered [hook]
          plugin: <module '_pytest.setuponly' from 'C:\\Users\\OmarDorgham\\PycharmProjects\\Test_login_page\\.venv\\Lib\\site-packages\\_pytest\\setuponly.py'>
          plugin_name: setuponly
          manager: <_pytest.config.PytestPluginManager object at 0x000001B142F54EC0>
      finish pytest_plugin_registered --> [] [hook]
      pytest_plugin_registered [hook]
          plugin: <module '_pytest.setupplan' from 'C:\\Users\\OmarDorgham\\PycharmProjects\\Test_login_page\\.venv\\Lib\\site-packages\\_pytest\\setupplan.py'>
          plugin_name: setupplan
          manager: <_pytest.config.PytestPluginManager object at 0x000001B142F54EC0>
      finish pytest_plugin_registered --> [] [hook]
      pytest_plugin_registered [hook]
          plugin: <module '_pytest.stepwise' from 'C:\\Users\\OmarDorgham\\PycharmProjects\\Test_login_page\\.venv\\Lib\\site-packages\\_pytest\\stepwise.py'>
          plugin_name: stepwise
          manager: <_pytest.config.PytestPluginManager object at 0x000001B142F54EC0>
      finish pytest_plugin_registered --> [] [hook]
      pytest_plugin_registered [hook]
          plugin: <module '_pytest.unraisableexception' from 'C:\\Users\\OmarDorgham\\PycharmProjects\\Test_login_page\\.venv\\Lib\\site-packages\\_pytest\\unraisableexception.py'>
          plugin_name: unraisableexception
          manager: <_pytest.config.PytestPluginManager object at 0x000001B142F54EC0>
      finish pytest_plugin_registered --> [] [hook]
      pytest_plugin_registered [hook]
          plugin: <module '_pytest.threadexception' from 'C:\\Users\\OmarDorgham\\PycharmProjects\\Test_login_page\\.venv\\Lib\\site-packages\\_pytest\\threadexception.py'>
          plugin_name: threadexception
          manager: <_pytest.config.PytestPluginManager object at 0x000001B142F54EC0>
      finish pytest_plugin_registered --> [] [hook]
      pytest_plugin_registered [hook]
          plugin: <module '_pytest.warnings' from 'C:\\Users\\OmarDorgham\\PycharmProjects\\Test_login_page\\.venv\\Lib\\site-packages\\_pytest\\warnings.py'>
          plugin_name: warnings
          manager: <_pytest.config.PytestPluginManager object at 0x000001B142F54EC0>
      finish pytest_plugin_registered --> [] [hook]
      pytest_plugin_registered [hook]
          plugin: <module '_pytest.logging' from 'C:\\Users\\OmarDorgham\\PycharmProjects\\Test_login_page\\.venv\\Lib\\site-packages\\_pytest\\logging.py'>
          plugin_name: logging
          manager: <_pytest.config.PytestPluginManager object at 0x000001B142F54EC0>
      finish pytest_plugin_registered --> [] [hook]
      pytest_plugin_registered [hook]
          plugin: <module '_pytest.reports' from 'C:\\Users\\OmarDorgham\\PycharmProjects\\Test_login_page\\.venv\\Lib\\site-packages\\_pytest\\reports.py'>
          plugin_name: reports
          manager: <_pytest.config.PytestPluginManager object at 0x000001B142F54EC0>
      finish pytest_plugin_registered --> [] [hook]
      pytest_plugin_registered [hook]
          plugin: <module '_pytest.faulthandler' from 'C:\\Users\\OmarDorgham\\PycharmProjects\\Test_login_page\\.venv\\Lib\\site-packages\\_pytest\\faulthandler.py'>
          plugin_name: faulthandler
          manager: <_pytest.config.PytestPluginManager object at 0x000001B142F54EC0>
      finish pytest_plugin_registered --> [] [hook]
      pytest_plugin_registered [hook]
          plugin: <module 'pytest_base_url.plugin' from 'C:\\Users\\OmarDorgham\\PycharmProjects\\Test_login_page\\.venv\\Lib\\site-packages\\pytest_base_url\\plugin.py'>
          plugin_name: base_url
          manager: <_pytest.config.PytestPluginManager object at 0x000001B142F54EC0>
      finish pytest_plugin_registered --> [] [hook]
      pytest_plugin_registered [hook]
          plugin: <module 'pytest_html.plugin' from 'C:\\Users\\OmarDorgham\\PycharmProjects\\Test_login_page\\.venv\\Lib\\site-packages\\pytest_html\\plugin.py'>
          plugin_name: html
          manager: <_pytest.config.PytestPluginManager object at 0x000001B142F54EC0>
      finish pytest_plugin_registered --> [] [hook]
      pytest_plugin_registered [hook]
          plugin: <module 'pytest_html.fixtures' from 'C:\\Users\\OmarDorgham\\PycharmProjects\\Test_login_page\\.venv\\Lib\\site-packages\\pytest_html\\fixtures.py'>
          plugin_name: html_fixtures
          manager: <_pytest.config.PytestPluginManager object at 0x000001B142F54EC0>
      finish pytest_plugin_registered --> [] [hook]
      pytest_plugin_registered [hook]
          plugin: <module 'pytest_jsonreport.plugin' from 'C:\\Users\\OmarDorgham\\PycharmProjects\\Test_login_page\\.venv\\Lib\\site-packages\\pytest_jsonreport\\plugin.py'>
          plugin_name: pytest_jsonreport
          manager: <_pytest.config.PytestPluginManager object at 0x000001B142F54EC0>
      finish pytest_plugin_registered --> [] [hook]
      pytest_plugin_registered [hook]
          plugin: <module 'pytest_metadata.plugin' from 'C:\\Users\\OmarDorgham\\PycharmProjects\\Test_login_page\\.venv\\Lib\\site-packages\\pytest_metadata\\plugin.py'>
          plugin_name: metadata
          manager: <_pytest.config.PytestPluginManager object at 0x000001B142F54EC0>
      finish pytest_plugin_registered --> [] [hook]
      pytest_plugin_registered [hook]
          plugin: <module 'pytest_parallel' from 'C:\\Users\\OmarDorgham\\PycharmProjects\\Test_login_page\\.venv\\Lib\\site-packages\\pytest_parallel\\__init__.py'>
          plugin_name: parallel
          manager: <_pytest.config.PytestPluginManager object at 0x000001B142F54EC0>
      finish pytest_plugin_registered --> [] [hook]
      pytest_plugin_registered [hook]
          plugin: <module 'pytest_playwright.pytest_playwright' from 'C:\\Users\\OmarDorgham\\PycharmProjects\\Test_login_page\\.venv\\Lib\\site-packages\\pytest_playwright\\pytest_playwright.py'>
          plugin_name: playwright
          manager: <_pytest.config.PytestPluginManager object at 0x000001B142F54EC0>
      finish pytest_plugin_registered --> [] [hook]
      pytest_plugin_registered [hook]
          plugin: <CaptureManager _method='fd' _global_capturing=<MultiCapture out=<FDCapture 1 oldfd=9 _state='suspended' tmpfile=<EncodedFile name='<tempfile._TemporaryFileWrapper object at 0x000001B14471DFD0>' mode='r+' encoding='utf-8'>> err=<FDCapture 2 oldfd=11 _state='suspended' tmpfile=<EncodedFile name='<tempfile._TemporaryFileWrapper object at 0x000001B144A911D0>' mode='r+' encoding='utf-8'>> in_=<FDCapture 0 oldfd=7 _state='started' tmpfile=<_io.TextIOWrapper name='nul' mode='r' encoding='utf-8'>> _state='suspended' _in_suspended=False> _capture_fixture=None>
          plugin_name: capturemanager
          manager: <_pytest.config.PytestPluginManager object at 0x000001B142F54EC0>
      finish pytest_plugin_registered --> [] [hook]
      pytest_plugin_registered [hook]
          plugin: <module 'conftest' from 'C:\\Users\\OmarDorgham\\PycharmProjects\\Test_login_page\\conftest.py'>
          plugin_name: C:\Users\OmarDorgham\PycharmProjects\Test_login_page\conftest.py
          manager: <_pytest.config.PytestPluginManager object at 0x000001B142F54EC0>
      finish pytest_plugin_registered --> [] [hook]
      pytest_plugin_registered [hook]
          plugin: <Session  exitstatus=<ExitCode.OK: 0> testsfailed=0 testscollected=0>
          plugin_name: session
          manager: <_pytest.config.PytestPluginManager object at 0x000001B142F54EC0>
      finish pytest_plugin_registered --> [] [hook]
      pytest_plugin_registered [hook]
          plugin: <_pytest.cacheprovider.LFPlugin object at 0x000001B144E64590>
          plugin_name: lfplugin
          manager: <_pytest.config.PytestPluginManager object at 0x000001B142F54EC0>
      finish pytest_plugin_registered --> [] [hook]
      pytest_plugin_registered [hook]
          plugin: <_pytest.cacheprovider.NFPlugin object at 0x000001B144E64440>
          plugin_name: nfplugin
          manager: <_pytest.config.PytestPluginManager object at 0x000001B142F54EC0>
      finish pytest_plugin_registered --> [] [hook]
      pytest_plugin_registered [hook]
          plugin: <class '_pytest.legacypath.LegacyTmpdirPlugin'>
          plugin_name: legacypath-tmpdir
          manager: <_pytest.config.PytestPluginManager object at 0x000001B142F54EC0>
      finish pytest_plugin_registered --> [] [hook]
      pytest_plugin_registered [hook]
          plugin: <_pytest.terminal.TerminalReporter object at 0x000001B144E64980>
          plugin_name: terminalreporter
          manager: <_pytest.config.PytestPluginManager object at 0x000001B142F54EC0>
      finish pytest_plugin_registered --> [] [hook]
      pytest_plugin_registered [hook]
          plugin: <_pytest.logging.LoggingPlugin object at 0x000001B144E65FD0>
          plugin_name: logging-plugin
          manager: <_pytest.config.PytestPluginManager object at 0x000001B142F54EC0>
      finish pytest_plugin_registered --> [] [hook]
    finish pytest_configure --> [] [hook]
    pytest_sessionstart [hook]
        session: <Session  exitstatus=<ExitCode.OK: 0> testsfailed=0 testscollected=0>
      pytest_plugin_registered [hook]
          plugin: <_pytest.config.PytestPluginManager object at 0x000001B142F54EC0>
          plugin_name: 1860844211904
          manager: <_pytest.config.PytestPluginManager object at 0x000001B142F54EC0>
      finish pytest_plugin_registered --> [] [hook]
      pytest_plugin_registered [hook]
          plugin: <_pytest.config.Config object at 0x000001B142F57380>
          plugin_name: pytestconfig
          manager: <_pytest.config.PytestPluginManager object at 0x000001B142F54EC0>
      finish pytest_plugin_registered --> [] [hook]
      pytest_plugin_registered [hook]
          plugin: <module '_pytest.mark' from 'C:\\Users\\OmarDorgham\\PycharmProjects\\Test_login_page\\.venv\\Lib\\site-packages\\_pytest\\mark\\__init__.py'>
          plugin_name: mark
          manager: <_pytest.config.PytestPluginManager object at 0x000001B142F54EC0>
      finish pytest_plugin_registered --> [] [hook]
      pytest_plugin_registered [hook]
          plugin: <module '_pytest.main' from 'C:\\Users\\OmarDorgham\\PycharmProjects\\Test_login_page\\.venv\\Lib\\site-packages\\_pytest\\main.py'>
          plugin_name: main
          manager: <_pytest.config.PytestPluginManager object at 0x000001B142F54EC0>
      finish pytest_plugin_registered --> [] [hook]
      pytest_plugin_registered [hook]
          plugin: <module '_pytest.runner' from 'C:\\Users\\OmarDorgham\\PycharmProjects\\Test_login_page\\.venv\\Lib\\site-packages\\_pytest\\runner.py'>
          plugin_name: runner
          manager: <_pytest.config.PytestPluginManager object at 0x000001B142F54EC0>
      finish pytest_plugin_registered --> [] [hook]
      pytest_plugin_registered [hook]
          plugin: <module '_pytest.fixtures' from 'C:\\Users\\OmarDorgham\\PycharmProjects\\Test_login_page\\.venv\\Lib\\site-packages\\_pytest\\fixtures.py'>
          plugin_name: fixtures
          manager: <_pytest.config.PytestPluginManager object at 0x000001B142F54EC0>
      finish pytest_plugin_registered --> [] [hook]
      pytest_plugin_registered [hook]
          plugin: <module '_pytest.helpconfig' from 'C:\\Users\\OmarDorgham\\PycharmProjects\\Test_login_page\\.venv\\Lib\\site-packages\\_pytest\\helpconfig.py'>
          plugin_name: helpconfig
          manager: <_pytest.config.PytestPluginManager object at 0x000001B142F54EC0>
      finish pytest_plugin_registered --> [] [hook]
      pytest_plugin_registered [hook]
          plugin: <module '_pytest.python' from 'C:\\Users\\OmarDorgham\\PycharmProjects\\Test_login_page\\.venv\\Lib\\site-packages\\_pytest\\python.py'>
          plugin_name: python
          manager: <_pytest.config.PytestPluginManager object at 0x000001B142F54EC0>
      finish pytest_plugin_registered --> [] [hook]
      pytest_plugin_registered [hook]
          plugin: <module '_pytest.terminal' from 'C:\\Users\\OmarDorgham\\PycharmProjects\\Test_login_page\\.venv\\Lib\\site-packages\\_pytest\\terminal.py'>
          plugin_name: terminal
          manager: <_pytest.config.PytestPluginManager object at 0x000001B142F54EC0>
      finish pytest_plugin_registered --> [] [hook]
      pytest_plugin_registered [hook]
          plugin: <module '_pytest.debugging' from 'C:\\Users\\OmarDorgham\\PycharmProjects\\Test_login_page\\.venv\\Lib\\site-packages\\_pytest\\debugging.py'>
          plugin_name: debugging
          manager: <_pytest.config.PytestPluginManager object at 0x000001B142F54EC0>
      finish pytest_plugin_registered --> [] [hook]
      pytest_plugin_registered [hook]
          plugin: <module '_pytest.unittest' from 'C:\\Users\\OmarDorgham\\PycharmProjects\\Test_login_page\\.venv\\Lib\\site-packages\\_pytest\\unittest.py'>
          plugin_name: unittest
          manager: <_pytest.config.PytestPluginManager object at 0x000001B142F54EC0>
      finish pytest_plugin_registered --> [] [hook]
      pytest_plugin_registered [hook]
          plugin: <module '_pytest.capture' from 'C:\\Users\\OmarDorgham\\PycharmProjects\\Test_login_page\\.venv\\Lib\\site-packages\\_pytest\\capture.py'>
          plugin_name: capture
          manager: <_pytest.config.PytestPluginManager object at 0x000001B142F54EC0>
      finish pytest_plugin_registered --> [] [hook]
      pytest_plugin_registered [hook]
          plugin: <module '_pytest.skipping' from 'C:\\Users\\OmarDorgham\\PycharmProjects\\Test_login_page\\.venv\\Lib\\site-packages\\_pytest\\skipping.py'>
          plugin_name: skipping
          manager: <_pytest.config.PytestPluginManager object at 0x000001B142F54EC0>
      finish pytest_plugin_registered --> [] [hook]
      pytest_plugin_registered [hook]
          plugin: <module '_pytest.legacypath' from 'C:\\Users\\OmarDorgham\\PycharmProjects\\Test_login_page\\.venv\\Lib\\site-packages\\_pytest\\legacypath.py'>
          plugin_name: legacypath
          manager: <_pytest.config.PytestPluginManager object at 0x000001B142F54EC0>
      finish pytest_plugin_registered --> [] [hook]
      pytest_plugin_registered [hook]
          plugin: <module '_pytest.tmpdir' from 'C:\\Users\\OmarDorgham\\PycharmProjects\\Test_login_page\\.venv\\Lib\\site-packages\\_pytest\\tmpdir.py'>
          plugin_name: tmpdir
          manager: <_pytest.config.PytestPluginManager object at 0x000001B142F54EC0>
      finish pytest_plugin_registered --> [] [hook]
      pytest_plugin_registered [hook]
          plugin: <module '_pytest.monkeypatch' from 'C:\\Users\\OmarDorgham\\PycharmProjects\\Test_login_page\\.venv\\Lib\\site-packages\\_pytest\\monkeypatch.py'>
          plugin_name: monkeypatch
          manager: <_pytest.config.PytestPluginManager object at 0x000001B142F54EC0>
      finish pytest_plugin_registered --> [] [hook]
      pytest_plugin_registered [hook]
          plugin: <module '_pytest.recwarn' from 'C:\\Users\\OmarDorgham\\PycharmProjects\\Test_login_page\\.venv\\Lib\\site-packages\\_pytest\\recwarn.py'>
          plugin_name: recwarn
          manager: <_pytest.config.PytestPluginManager object at 0x000001B142F54EC0>
      finish pytest_plugin_registered --> [] [hook]
      pytest_plugin_registered [hook]
          plugin: <module '_pytest.pastebin' from 'C:\\Users\\OmarDorgham\\PycharmProjects\\Test_login_page\\.venv\\Lib\\site-packages\\_pytest\\pastebin.py'>
          plugin_name: pastebin
          manager: <_pytest.config.PytestPluginManager object at 0x000001B142F54EC0>
      finish pytest_plugin_registered --> [] [hook]
      pytest_plugin_registered [hook]
          plugin: <module '_pytest.assertion' from 'C:\\Users\\OmarDorgham\\PycharmProjects\\Test_login_page\\.venv\\Lib\\site-packages\\_pytest\\assertion\\__init__.py'>
          plugin_name: assertion
          manager: <_pytest.config.PytestPluginManager object at 0x000001B142F54EC0>
      finish pytest_plugin_registered --> [] [hook]
      pytest_plugin_registered [hook]
          plugin: <module '_pytest.junitxml' from 'C:\\Users\\OmarDorgham\\PycharmProjects\\Test_login_page\\.venv\\Lib\\site-packages\\_pytest\\junitxml.py'>
          plugin_name: junitxml
          manager: <_pytest.config.PytestPluginManager object at 0x000001B142F54EC0>
      finish pytest_plugin_registered --> [] [hook]
      pytest_plugin_registered [hook]
          plugin: <module '_pytest.doctest' from 'C:\\Users\\OmarDorgham\\PycharmProjects\\Test_login_page\\.venv\\Lib\\site-packages\\_pytest\\doctest.py'>
          plugin_name: doctest
          manager: <_pytest.config.PytestPluginManager object at 0x000001B142F54EC0>
      finish pytest_plugin_registered --> [] [hook]
      pytest_plugin_registered [hook]
          plugin: <module '_pytest.cacheprovider' from 'C:\\Users\\OmarDorgham\\PycharmProjects\\Test_login_page\\.venv\\Lib\\site-packages\\_pytest\\cacheprovider.py'>
          plugin_name: cacheprovider
          manager: <_pytest.config.PytestPluginManager object at 0x000001B142F54EC0>
      finish pytest_plugin_registered --> [] [hook]
      pytest_plugin_registered [hook]
          plugin: <module '_pytest.freeze_support' from 'C:\\Users\\OmarDorgham\\PycharmProjects\\Test_login_page\\.venv\\Lib\\site-packages\\_pytest\\freeze_support.py'>
          plugin_name: freeze_support
          manager: <_pytest.config.PytestPluginManager object at 0x000001B142F54EC0>
      finish pytest_plugin_registered --> [] [hook]
      pytest_plugin_registered [hook]
          plugin: <module '_pytest.setuponly' from 'C:\\Users\\OmarDorgham\\PycharmProjects\\Test_login_page\\.venv\\Lib\\site-packages\\_pytest\\setuponly.py'>
          plugin_name: setuponly
          manager: <_pytest.config.PytestPluginManager object at 0x000001B142F54EC0>
      finish pytest_plugin_registered --> [] [hook]
      pytest_plugin_registered [hook]
          plugin: <module '_pytest.setupplan' from 'C:\\Users\\OmarDorgham\\PycharmProjects\\Test_login_page\\.venv\\Lib\\site-packages\\_pytest\\setupplan.py'>
          plugin_name: setupplan
          manager: <_pytest.config.PytestPluginManager object at 0x000001B142F54EC0>
      finish pytest_plugin_registered --> [] [hook]
      pytest_plugin_registered [hook]
          plugin: <module '_pytest.stepwise' from 'C:\\Users\\OmarDorgham\\PycharmProjects\\Test_login_page\\.venv\\Lib\\site-packages\\_pytest\\stepwise.py'>
          plugin_name: stepwise
          manager: <_pytest.config.PytestPluginManager object at 0x000001B142F54EC0>
      finish pytest_plugin_registered --> [] [hook]
      pytest_plugin_registered [hook]
          plugin: <module '_pytest.unraisableexception' from 'C:\\Users\\OmarDorgham\\PycharmProjects\\Test_login_page\\.venv\\Lib\\site-packages\\_pytest\\unraisableexception.py'>
          plugin_name: unraisableexception
          manager: <_pytest.config.PytestPluginManager object at 0x000001B142F54EC0>
      finish pytest_plugin_registered --> [] [hook]
      pytest_plugin_registered [hook]
          plugin: <module '_pytest.threadexception' from 'C:\\Users\\OmarDorgham\\PycharmProjects\\Test_login_page\\.venv\\Lib\\site-packages\\_pytest\\threadexception.py'>
          plugin_name: threadexception
          manager: <_pytest.config.PytestPluginManager object at 0x000001B142F54EC0>
      finish pytest_plugin_registered --> [] [hook]
      pytest_plugin_registered [hook]
          plugin: <module '_pytest.warnings' from 'C:\\Users\\OmarDorgham\\PycharmProjects\\Test_login_page\\.venv\\Lib\\site-packages\\_pytest\\warnings.py'>
          plugin_name: warnings
          manager: <_pytest.config.PytestPluginManager object at 0x000001B142F54EC0>
      finish pytest_plugin_registered --> [] [hook]
      pytest_plugin_registered [hook]
          plugin: <module '_pytest.logging' from 'C:\\Users\\OmarDorgham\\PycharmProjects\\Test_login_page\\.venv\\Lib\\site-packages\\_pytest\\logging.py'>
          plugin_name: logging
          manager: <_pytest.config.PytestPluginManager object at 0x000001B142F54EC0>
      finish pytest_plugin_registered --> [] [hook]
      pytest_plugin_registered [hook]
          plugin: <module '_pytest.reports' from 'C:\\Users\\OmarDorgham\\PycharmProjects\\Test_login_page\\.venv\\Lib\\site-packages\\_pytest\\reports.py'>
          plugin_name: reports
          manager: <_pytest.config.PytestPluginManager object at 0x000001B142F54EC0>
      finish pytest_plugin_registered --> [] [hook]
      pytest_plugin_registered [hook]
          plugin: <module '_pytest.faulthandler' from 'C:\\Users\\OmarDorgham\\PycharmProjects\\Test_login_page\\.venv\\Lib\\site-packages\\_pytest\\faulthandler.py'>
          plugin_name: faulthandler
          manager: <_pytest.config.PytestPluginManager object at 0x000001B142F54EC0>
      finish pytest_plugin_registered --> [] [hook]
      pytest_plugin_registered [hook]
          plugin: <module 'pytest_base_url.plugin' from 'C:\\Users\\OmarDorgham\\PycharmProjects\\Test_login_page\\.venv\\Lib\\site-packages\\pytest_base_url\\plugin.py'>
          plugin_name: base_url
          manager: <_pytest.config.PytestPluginManager object at 0x000001B142F54EC0>
      finish pytest_plugin_registered --> [] [hook]
      pytest_plugin_registered [hook]
          plugin: <module 'pytest_html.plugin' from 'C:\\Users\\OmarDorgham\\PycharmProjects\\Test_login_page\\.venv\\Lib\\site-packages\\pytest_html\\plugin.py'>
          plugin_name: html
          manager: <_pytest.config.PytestPluginManager object at 0x000001B142F54EC0>
      finish pytest_plugin_registered --> [] [hook]
      pytest_plugin_registered [hook]
          plugin: <module 'pytest_html.fixtures' from 'C:\\Users\\OmarDorgham\\PycharmProjects\\Test_login_page\\.venv\\Lib\\site-packages\\pytest_html\\fixtures.py'>
          plugin_name: html_fixtures
          manager: <_pytest.config.PytestPluginManager object at 0x000001B142F54EC0>
      finish pytest_plugin_registered --> [] [hook]
      pytest_plugin_registered [hook]
          plugin: <module 'pytest_jsonreport.plugin' from 'C:\\Users\\OmarDorgham\\PycharmProjects\\Test_login_page\\.venv\\Lib\\site-packages\\pytest_jsonreport\\plugin.py'>
          plugin_name: pytest_jsonreport
          manager: <_pytest.config.PytestPluginManager object at 0x000001B142F54EC0>
      finish pytest_plugin_registered --> [] [hook]
      pytest_plugin_registered [hook]
          plugin: <module 'pytest_metadata.plugin' from 'C:\\Users\\OmarDorgham\\PycharmProjects\\Test_login_page\\.venv\\Lib\\site-packages\\pytest_metadata\\plugin.py'>
          plugin_name: metadata
          manager: <_pytest.config.PytestPluginManager object at 0x000001B142F54EC0>
      finish pytest_plugin_registered --> [] [hook]
      pytest_plugin_registered [hook]
          plugin: <module 'pytest_parallel' from 'C:\\Users\\OmarDorgham\\PycharmProjects\\Test_login_page\\.venv\\Lib\\site-packages\\pytest_parallel\\__init__.py'>
          plugin_name: parallel
          manager: <_pytest.config.PytestPluginManager object at 0x000001B142F54EC0>
      finish pytest_plugin_registered --> [] [hook]
      pytest_plugin_registered [hook]
          plugin: <module 'pytest_playwright.pytest_playwright' from 'C:\\Users\\OmarDorgham\\PycharmProjects\\Test_login_page\\.venv\\Lib\\site-packages\\pytest_playwright\\pytest_playwright.py'>
          plugin_name: playwright
          manager: <_pytest.config.PytestPluginManager object at 0x000001B142F54EC0>
      finish pytest_plugin_registered --> [] [hook]
      pytest_plugin_registered [hook]
          plugin: <CaptureManager _method='fd' _global_capturing=<MultiCapture out=<FDCapture 1 oldfd=9 _state='suspended' tmpfile=<EncodedFile name='<tempfile._TemporaryFileWrapper object at 0x000001B14471DFD0>' mode='r+' encoding='utf-8'>> err=<FDCapture 2 oldfd=11 _state='suspended' tmpfile=<EncodedFile name='<tempfile._TemporaryFileWrapper object at 0x000001B144A911D0>' mode='r+' encoding='utf-8'>> in_=<FDCapture 0 oldfd=7 _state='started' tmpfile=<_io.TextIOWrapper name='nul' mode='r' encoding='utf-8'>> _state='suspended' _in_suspended=False> _capture_fixture=None>
          plugin_name: capturemanager
          manager: <_pytest.config.PytestPluginManager object at 0x000001B142F54EC0>
      finish pytest_plugin_registered --> [] [hook]
      pytest_plugin_registered [hook]
          plugin: <module 'conftest' from 'C:\\Users\\OmarDorgham\\PycharmProjects\\Test_login_page\\conftest.py'>
          plugin_name: C:\Users\OmarDorgham\PycharmProjects\Test_login_page\conftest.py
          manager: <_pytest.config.PytestPluginManager object at 0x000001B142F54EC0>
      finish pytest_plugin_registered --> [] [hook]
      pytest_plugin_registered [hook]
          plugin: <Session  exitstatus=<ExitCode.OK: 0> testsfailed=0 testscollected=0>
          plugin_name: session
          manager: <_pytest.config.PytestPluginManager object at 0x000001B142F54EC0>
      finish pytest_plugin_registered --> [] [hook]
      pytest_plugin_registered [hook]
          plugin: <_pytest.cacheprovider.LFPlugin object at 0x000001B144E64590>
          plugin_name: lfplugin
          manager: <_pytest.config.PytestPluginManager object at 0x000001B142F54EC0>
      finish pytest_plugin_registered --> [] [hook]
      pytest_plugin_registered [hook]
          plugin: <_pytest.cacheprovider.NFPlugin object at 0x000001B144E64440>
          plugin_name: nfplugin
          manager: <_pytest.config.PytestPluginManager object at 0x000001B142F54EC0>
      finish pytest_plugin_registered --> [] [hook]
      pytest_plugin_registered [hook]
          plugin: <class '_pytest.legacypath.LegacyTmpdirPlugin'>
          plugin_name: legacypath-tmpdir
          manager: <_pytest.config.PytestPluginManager object at 0x000001B142F54EC0>
      finish pytest_plugin_registered --> [] [hook]
      pytest_plugin_registered [hook]
          plugin: <_pytest.terminal.TerminalReporter object at 0x000001B144E64980>
          plugin_name: terminalreporter
          manager: <_pytest.config.PytestPluginManager object at 0x000001B142F54EC0>
      finish pytest_plugin_registered --> [] [hook]
      pytest_plugin_registered [hook]
          plugin: <_pytest.logging.LoggingPlugin object at 0x000001B144E65FD0>
          plugin_name: logging-plugin
          manager: <_pytest.config.PytestPluginManager object at 0x000001B142F54EC0>
      finish pytest_plugin_registered --> [] [hook]
      pytest_plugin_registered [hook]
          plugin: <_pytest.fixtures.FixtureManager object at 0x000001B144E66900>
          plugin_name: funcmanage
          manager: <_pytest.config.PytestPluginManager object at 0x000001B142F54EC0>
      finish pytest_plugin_registered --> [] [hook]
      pytest_report_header [hook]
          config: <_pytest.config.Config object at 0x000001B142F57380>
          start_path: C:\Users\OmarDorgham\PycharmProjects\Test_login_page
          startdir: C:\Users\OmarDorgham\PycharmProjects\Test_login_page
      finish pytest_report_header --> [['rootdir: C:\\Users\\OmarDorgham\\PycharmProjects\\Test_login_page', 'configfile: pytest.ini', 'plugins: base-url-2.1.0, html-4.1.1, json-report-1.5.0, metadata-3.1.1, parallel-0.1.1, playwright-0.7.1'], ['using: pytest-8.4.2', 'registered third-party plugins:', '  pytest-base-url-2.1.0 at C:\\Users\\OmarDorgham\\PycharmProjects\\Test_login_page\\.venv\\Lib\\site-packages\\pytest_base_url\\plugin.py', '  pytest-html-4.1.1 at C:\\Users\\OmarDorgham\\PycharmProjects\\Test_login_page\\.venv\\Lib\\site-packages\\pytest_html\\plugin.py', '  pytest-html-4.1.1 at C:\\Users\\OmarDorgham\\PycharmProjects\\Test_login_page\\.venv\\Lib\\site-packages\\pytest_html\\fixtures.py', '  pytest-json-report-1.5.0 at C:\\Users\\OmarDorgham\\PycharmProjects\\Test_login_page\\.venv\\Lib\\site-packages\\pytest_jsonreport\\plugin.py', '  pytest-metadata-3.1.1 at C:\\Users\\OmarDorgham\\PycharmProjects\\Test_login_page\\.venv\\Lib\\site-packages\\pytest_metadata\\plugin.py', '  pytest-parallel-0.1.1 at C:\\Users\\OmarDorgham\\PycharmProjects\\Test_login_page\\.venv\\Lib\\site-packages\\pytest_parallel\\__init__.py', '  pytest-playwright-0.7.1 at C:\\Users\\OmarDorgham\\PycharmProjects\\Test_login_page\\.venv\\Lib\\site-packages\\pytest_playwright\\pytest_playwright.py']] [hook]
    finish pytest_sessionstart --> [] [hook]
    pytest_collection [hook]
        session: <Session  exitstatus=<ExitCode.OK: 0> testsfailed=0 testscollected=0>
    perform_collect <Session  exitstatus=<ExitCode.OK: 0> testsfailed=0 testscollected=0> ['C:\\Users\\OmarDorgham\\PycharmProjects\\Test_login_page'] [collection]
        pytest_collectstart [hook]
            collector: <Session  exitstatus=<ExitCode.OK: 0> testsfailed=0 testscollected=0>
        finish pytest_collectstart --> [] [hook]
        pytest_make_collect_report [hook]
            collector: <Session  exitstatus=<ExitCode.OK: 0> testsfailed=0 testscollected=0>
        processing argument CollectionArgument(path=WindowsPath('C:/Users/OmarDorgham/PycharmProjects/Test_login_page'), parts=[], module_name=None) [collection]
            pytest_collect_directory [hook]
                path: C:\Users\OmarDorgham\PycharmProjects\Test_login_page
                parent: <Session  exitstatus=<ExitCode.OK: 0> testsfailed=0 testscollected=0>
            finish pytest_collect_directory --> <Dir Test_login_page> [hook]
        finish pytest_make_collect_report --> <CollectReport '' lenresult=1 outcome='passed'> [hook]
        pytest_collectreport [hook]
            report: <CollectReport '' lenresult=1 outcome='passed'>
        finish pytest_collectreport --> [] [hook]
    genitems <Dir Test_login_page> [collection]
      pytest_collectstart [hook]
          collector: <Dir Test_login_page>
      finish pytest_collectstart --> [] [hook]
      pytest_make_collect_report [hook]
          collector: <Dir Test_login_page>
        pytest_ignore_collect [hook]
            config: <_pytest.config.Config object at 0x000001B142F57380>
            collection_path: C:\Users\OmarDorgham\PycharmProjects\Test_login_page\.env
            path: C:\Users\OmarDorgham\PycharmProjects\Test_login_page\.env
        finish pytest_ignore_collect --> None [hook]
        pytest_collect_file [hook]
            parent: <Dir Test_login_page>
            file_path: C:\Users\OmarDorgham\PycharmProjects\Test_login_page\.env
            path: C:\Users\OmarDorgham\PycharmProjects\Test_login_page\.env
        finish pytest_collect_file --> [] [hook]
        pytest_ignore_collect [hook]
            config: <_pytest.config.Config object at 0x000001B142F57380>
            collection_path: C:\Users\OmarDorgham\PycharmProjects\Test_login_page\.git
            path: C:\Users\OmarDorgham\PycharmProjects\Test_login_page\.git
        finish pytest_ignore_collect --> True [hook]
        pytest_ignore_collect [hook]
            config: <_pytest.config.Config object at 0x000001B142F57380>
            collection_path: C:\Users\OmarDorgham\PycharmProjects\Test_login_page\.gitignore
            path: C:\Users\OmarDorgham\PycharmProjects\Test_login_page\.gitignore
        finish pytest_ignore_collect --> None [hook]
        pytest_collect_file [hook]
            parent: <Dir Test_login_page>
            file_path: C:\Users\OmarDorgham\PycharmProjects\Test_login_page\.gitignore
            path: C:\Users\OmarDorgham\PycharmProjects\Test_login_page\.gitignore
        finish pytest_collect_file --> [] [hook]
        pytest_ignore_collect [hook]
            config: <_pytest.config.Config object at 0x000001B142F57380>
            collection_path: C:\Users\OmarDorgham\PycharmProjects\Test_login_page\.idea
            path: C:\Users\OmarDorgham\PycharmProjects\Test_login_page\.idea
        finish pytest_ignore_collect --> True [hook]
        pytest_ignore_collect [hook]
            config: <_pytest.config.Config object at 0x000001B142F57380>
            collection_path: C:\Users\OmarDorgham\PycharmProjects\Test_login_page\.pytest_cache
            path: C:\Users\OmarDorgham\PycharmProjects\Test_login_page\.pytest_cache
        finish pytest_ignore_collect --> True [hook]
        pytest_ignore_collect [hook]
            config: <_pytest.config.Config object at 0x000001B142F57380>
            collection_path: C:\Users\OmarDorgham\PycharmProjects\Test_login_page\.venv
            path: C:\Users\OmarDorgham\PycharmProjects\Test_login_page\.venv
        finish pytest_ignore_collect --> True [hook]
        pytest_ignore_collect [hook]
            config: <_pytest.config.Config object at 0x000001B142F57380>
            collection_path: C:\Users\OmarDorgham\PycharmProjects\Test_login_page\Test_Cases.xlsx
            path: C:\Users\OmarDorgham\PycharmProjects\Test_login_page\Test_Cases.xlsx
        finish pytest_ignore_collect --> None [hook]
        pytest_collect_file [hook]
            parent: <Dir Test_login_page>
            file_path: C:\Users\OmarDorgham\PycharmProjects\Test_login_page\Test_Cases.xlsx
            path: C:\Users\OmarDorgham\PycharmProjects\Test_login_page\Test_Cases.xlsx
        finish pytest_collect_file --> [] [hook]
        pytest_ignore_collect [hook]
            config: <_pytest.config.Config object at 0x000001B142F57380>
            collection_path: C:\Users\OmarDorgham\PycharmProjects\Test_login_page\__pycache__
            path: C:\Users\OmarDorgham\PycharmProjects\Test_login_page\__pycache__
        finish pytest_ignore_collect --> True [hook]
        pytest_ignore_collect [hook]
            config: <_pytest.config.Config object at 0x000001B142F57380>
            collection_path: C:\Users\OmarDorgham\PycharmProjects\Test_login_page\assets
            path: C:\Users\OmarDorgham\PycharmProjects\Test_login_page\assets
        finish pytest_ignore_collect --> None [hook]
        pytest_collect_directory [hook]
            path: C:\Users\OmarDorgham\PycharmProjects\Test_login_page\assets
            parent: <Dir Test_login_page>
        finish pytest_collect_directory --> <Dir assets> [hook]
        pytest_ignore_collect [hook]
            config: <_pytest.config.Config object at 0x000001B142F57380>
            collection_path: C:\Users\OmarDorgham\PycharmProjects\Test_login_page\conftest.py
            path: C:\Users\OmarDorgham\PycharmProjects\Test_login_page\conftest.py
        finish pytest_ignore_collect --> None [hook]
        pytest_collect_file [hook]
            parent: <Dir Test_login_page>
            file_path: C:\Users\OmarDorgham\PycharmProjects\Test_login_page\conftest.py
            path: C:\Users\OmarDorgham\PycharmProjects\Test_login_page\conftest.py
        finish pytest_collect_file --> [] [hook]
        pytest_ignore_collect [hook]
            config: <_pytest.config.Config object at 0x000001B142F57380>
            collection_path: C:\Users\OmarDorgham\PycharmProjects\Test_login_page\pytest.ini
            path: C:\Users\OmarDorgham\PycharmProjects\Test_login_page\pytest.ini
        finish pytest_ignore_collect --> None [hook]
        pytest_collect_file [hook]
            parent: <Dir Test_login_page>
            file_path: C:\Users\OmarDorgham\PycharmProjects\Test_login_page\pytest.ini
            path: C:\Users\OmarDorgham\PycharmProjects\Test_login_page\pytest.ini
        finish pytest_collect_file --> [] [hook]
        pytest_ignore_collect [hook]
            config: <_pytest.config.Config object at 0x000001B142F57380>
            collection_path: C:\Users\OmarDorgham\PycharmProjects\Test_login_page\pytestdebug.log
            path: C:\Users\OmarDorgham\PycharmProjects\Test_login_page\pytestdebug.log
        finish pytest_ignore_collect --> None [hook]
        pytest_collect_file [hook]
            parent: <Dir Test_login_page>
            file_path: C:\Users\OmarDorgham\PycharmProjects\Test_login_page\pytestdebug.log
            path: C:\Users\OmarDorgham\PycharmProjects\Test_login_page\pytestdebug.log
        finish pytest_collect_file --> [] [hook]
        pytest_ignore_collect [hook]
            config: <_pytest.config.Config object at 0x000001B142F57380>
            collection_path: C:\Users\OmarDorgham\PycharmProjects\Test_login_page\report.html
            path: C:\Users\OmarDorgham\PycharmProjects\Test_login_page\report.html
        finish pytest_ignore_collect --> None [hook]
        pytest_collect_file [hook]
            parent: <Dir Test_login_page>
            file_path: C:\Users\OmarDorgham\PycharmProjects\Test_login_page\report.html
            path: C:\Users\OmarDorgham\PycharmProjects\Test_login_page\report.html
        finish pytest_collect_file --> [] [hook]
        pytest_ignore_collect [hook]
            config: <_pytest.config.Config object at 0x000001B142F57380>
            collection_path: C:\Users\OmarDorgham\PycharmProjects\Test_login_page\tests
            path: C:\Users\OmarDorgham\PycharmProjects\Test_login_page\tests
        finish pytest_ignore_collect --> None [hook]
        pytest_collect_directory [hook]
            path: C:\Users\OmarDorgham\PycharmProjects\Test_login_page\tests
            parent: <Dir Test_login_page>
        finish pytest_collect_directory --> <Dir tests> [hook]
        pytest_ignore_collect [hook]
            config: <_pytest.config.Config object at 0x000001B142F57380>
            collection_path: C:\Users\OmarDorgham\PycharmProjects\Test_login_page\user_session_state.json
            path: C:\Users\OmarDorgham\PycharmProjects\Test_login_page\user_session_state.json
        finish pytest_ignore_collect --> None [hook]
        pytest_collect_file [hook]
            parent: <Dir Test_login_page>
            file_path: C:\Users\OmarDorgham\PycharmProjects\Test_login_page\user_session_state.json
            path: C:\Users\OmarDorgham\PycharmProjects\Test_login_page\user_session_state.json
        finish pytest_collect_file --> [] [hook]
        pytest_ignore_collect [hook]
            config: <_pytest.config.Config object at 0x000001B142F57380>
            collection_path: C:\Users\OmarDorgham\PycharmProjects\Test_login_page\utils
            path: C:\Users\OmarDorgham\PycharmProjects\Test_login_page\utils
        finish pytest_ignore_collect --> None [hook]
        pytest_collect_directory [hook]
            path: C:\Users\OmarDorgham\PycharmProjects\Test_login_page\utils
            parent: <Dir Test_login_page>
        finish pytest_collect_directory --> <Dir utils> [hook]
      finish pytest_make_collect_report --> <CollectReport '.' lenresult=3 outcome='passed'> [hook]
    genitems <Dir assets> [collection]
      pytest_collectstart [hook]
          collector: <Dir assets>
      finish pytest_collectstart --> [] [hook]
      pytest_make_collect_report [hook]
          collector: <Dir assets>
        pytest_ignore_collect [hook]
            config: <_pytest.config.Config object at 0x000001B142F57380>
            collection_path: C:\Users\OmarDorgham\PycharmProjects\Test_login_page\assets\style.css
            path: C:\Users\OmarDorgham\PycharmProjects\Test_login_page\assets\style.css
        finish pytest_ignore_collect --> None [hook]
        pytest_collect_file [hook]
            parent: <Dir assets>
            file_path: C:\Users\OmarDorgham\PycharmProjects\Test_login_page\assets\style.css
            path: C:\Users\OmarDorgham\PycharmProjects\Test_login_page\assets\style.css
        finish pytest_collect_file --> [] [hook]
      finish pytest_make_collect_report --> <CollectReport 'assets' lenresult=0 outcome='passed'> [hook]
      pytest_collectreport [hook]
          report: <CollectReport 'assets' lenresult=0 outcome='passed'>
      finish pytest_collectreport --> [] [hook]
    genitems <Dir tests> [collection]
      pytest_collectstart [hook]
          collector: <Dir tests>
      finish pytest_collectstart --> [] [hook]
      pytest_make_collect_report [hook]
          collector: <Dir tests>
        pytest_ignore_collect [hook]
            config: <_pytest.config.Config object at 0x000001B142F57380>
            collection_path: C:\Users\OmarDorgham\PycharmProjects\Test_login_page\tests\__pycache__
            path: C:\Users\OmarDorgham\PycharmProjects\Test_login_page\tests\__pycache__
        finish pytest_ignore_collect --> True [hook]
        pytest_ignore_collect [hook]
            config: <_pytest.config.Config object at 0x000001B142F57380>
            collection_path: C:\Users\OmarDorgham\PycharmProjects\Test_login_page\tests\test_authentication_negative.py
            path: C:\Users\OmarDorgham\PycharmProjects\Test_login_page\tests\test_authentication_negative.py
        finish pytest_ignore_collect --> None [hook]
        pytest_collect_file [hook]
            parent: <Dir tests>
            file_path: C:\Users\OmarDorgham\PycharmProjects\Test_login_page\tests\test_authentication_negative.py
            path: C:\Users\OmarDorgham\PycharmProjects\Test_login_page\tests\test_authentication_negative.py
          pytest_pycollect_makemodule [hook]
              parent: <Dir tests>
              module_path: C:\Users\OmarDorgham\PycharmProjects\Test_login_page\tests\test_authentication_negative.py
              path: C:\Users\OmarDorgham\PycharmProjects\Test_login_page\tests\test_authentication_negative.py
          finish pytest_pycollect_makemodule --> <Module test_authentication_negative.py> [hook]
        finish pytest_collect_file --> [<Module test_authentication_negative.py>] [hook]
        pytest_ignore_collect [hook]
            config: <_pytest.config.Config object at 0x000001B142F57380>
            collection_path: C:\Users\OmarDorgham\PycharmProjects\Test_login_page\tests\test_authentication_positive.py
            path: C:\Users\OmarDorgham\PycharmProjects\Test_login_page\tests\test_authentication_positive.py
        finish pytest_ignore_collect --> None [hook]
        pytest_collect_file [hook]
            parent: <Dir tests>
            file_path: C:\Users\OmarDorgham\PycharmProjects\Test_login_page\tests\test_authentication_positive.py
            path: C:\Users\OmarDorgham\PycharmProjects\Test_login_page\tests\test_authentication_positive.py
          pytest_pycollect_makemodule [hook]
              parent: <Dir tests>
              module_path: C:\Users\OmarDorgham\PycharmProjects\Test_login_page\tests\test_authentication_positive.py
              path: C:\Users\OmarDorgham\PycharmProjects\Test_login_page\tests\test_authentication_positive.py
          finish pytest_pycollect_makemodule --> <Module test_authentication_positive.py> [hook]
        finish pytest_collect_file --> [<Module test_authentication_positive.py>] [hook]
      finish pytest_make_collect_report --> <CollectReport 'tests' lenresult=2 outcome='passed'> [hook]
    genitems <Module test_authentication_negative.py> [collection]
      pytest_collectstart [hook]
          collector: <Module test_authentication_negative.py>
      finish pytest_collectstart --> [] [hook]
      pytest_make_collect_report [hook]
          collector: <Module test_authentication_negative.py>
      find_module called for: test_authentication_negative [assertion]
      matched test file 'C:\\Users\\OmarDorgham\\PycharmProjects\\Test_login_page\\tests\\test_authentication_negative.py' [assertion]
      found cached rewritten pyc for C:\Users\OmarDorgham\PycharmProjects\Test_login_page\tests\test_authentication_negative.py [assertion]
        pytest_pycollect_makeitem [hook]
            collector: <Module test_authentication_negative.py>
            name: @py_builtins
            obj: <module 'builtins' (built-in)>
        finish pytest_pycollect_makeitem --> None [hook]
        pytest_pycollect_makeitem [hook]
            collector: <Module test_authentication_negative.py>
            name: @pytest_ar
            obj: <module '_pytest.assertion.rewrite' from 'C:\\Users\\OmarDorgham\\PycharmProjects\\Test_login_page\\.venv\\Lib\\site-packages\\_pytest\\assertion\\rewrite.py'>
        finish pytest_pycollect_makeitem --> None [hook]
        pytest_pycollect_makeitem [hook]
            collector: <Module test_authentication_negative.py>
            name: Page
            obj: <class 'playwright.sync_api._generated.Page'>
        finish pytest_pycollect_makeitem --> None [hook]
        pytest_pycollect_makeitem [hook]
            collector: <Module test_authentication_negative.py>
            name: expect
            obj: <playwright.sync_api.Expect object at 0x000001B14433B230>
        finish pytest_pycollect_makeitem --> None [hook]
        pytest_pycollect_makeitem [hook]
            collector: <Module test_authentication_negative.py>
            name: Browser
            obj: <class 'playwright.sync_api._generated.Browser'>
        finish pytest_pycollect_makeitem --> None [hook]
        pytest_pycollect_makeitem [hook]
            collector: <Module test_authentication_negative.py>
            name: pytest
            obj: <module 'pytest' from 'C:\\Users\\OmarDorgham\\PycharmProjects\\Test_login_page\\.venv\\Lib\\site-packages\\pytest\\__init__.py'>
        finish pytest_pycollect_makeitem --> None [hook]
        pytest_pycollect_makeitem [hook]
            collector: <Module test_authentication_negative.py>
            name: EnvironmentVariables
            obj: <class 'conftest.EnvironmentVariables'>
        finish pytest_pycollect_makeitem --> None [hook]
      finish pytest_make_collect_report --> <CollectReport 'tests/test_authentication_negative.py' lenresult=0 outcome='passed'> [hook]
      pytest_collectreport [hook]
          report: <CollectReport 'tests/test_authentication_negative.py' lenresult=0 outcome='passed'>
      finish pytest_collectreport --> [] [hook]
    genitems <Module test_authentication_positive.py> [collection]
      pytest_collectstart [hook]
          collector: <Module test_authentication_positive.py>
      finish pytest_collectstart --> [] [hook]
      pytest_make_collect_report [hook]
          collector: <Module test_authentication_positive.py>
      find_module called for: test_authentication_positive [assertion]
      matched test file 'C:\\Users\\OmarDorgham\\PycharmProjects\\Test_login_page\\tests\\test_authentication_positive.py' [assertion]
      found cached rewritten pyc for C:\Users\OmarDorgham\PycharmProjects\Test_login_page\tests\test_authentication_positive.py [assertion]
        pytest_pycollect_makeitem [hook]
            collector: <Module test_authentication_positive.py>
            name: @py_builtins
            obj: <module 'builtins' (built-in)>
        finish pytest_pycollect_makeitem --> None [hook]
        pytest_pycollect_makeitem [hook]
            collector: <Module test_authentication_positive.py>
            name: @pytest_ar
            obj: <module '_pytest.assertion.rewrite' from 'C:\\Users\\OmarDorgham\\PycharmProjects\\Test_login_page\\.venv\\Lib\\site-packages\\_pytest\\assertion\\rewrite.py'>
        finish pytest_pycollect_makeitem --> None [hook]
        pytest_pycollect_makeitem [hook]
            collector: <Module test_authentication_positive.py>
            name: re
            obj: <module 're' from 'C:\\Program Files\\WindowsApps\\PythonSoftwareFoundation.Python.3.13_3.13.2544.0_x64__qbz5n2kfra8p0\\Lib\\re\\__init__.py'>
        finish pytest_pycollect_makeitem --> None [hook]
        pytest_pycollect_makeitem [hook]
            collector: <Module test_authentication_positive.py>
            name: Page
            obj: <class 'playwright.sync_api._generated.Page'>
        finish pytest_pycollect_makeitem --> None [hook]
        pytest_pycollect_makeitem [hook]
            collector: <Module test_authentication_positive.py>
            name: expect
            obj: <playwright.sync_api.Expect object at 0x000001B14433B230>
        finish pytest_pycollect_makeitem --> None [hook]
        pytest_pycollect_makeitem [hook]
            collector: <Module test_authentication_positive.py>
            name: Browser
            obj: <class 'playwright.sync_api._generated.Browser'>
        finish pytest_pycollect_makeitem --> None [hook]
        pytest_pycollect_makeitem [hook]
            collector: <Module test_authentication_positive.py>
            name: pytest
            obj: <module 'pytest' from 'C:\\Users\\OmarDorgham\\PycharmProjects\\Test_login_page\\.venv\\Lib\\site-packages\\pytest\\__init__.py'>
        finish pytest_pycollect_makeitem --> None [hook]
        pytest_pycollect_makeitem [hook]
            collector: <Module test_authentication_positive.py>
            name: EnvironmentVariables
            obj: <class 'conftest.EnvironmentVariables'>
        finish pytest_pycollect_makeitem --> None [hook]
        pytest_pycollect_makeitem [hook]
            collector: <Module test_authentication_positive.py>
            name: test_authentication_positive_07
            obj: <function test_authentication_positive_07 at 0x000001B144E9F420>
          pytest_generate_tests [hook]
              metafunc: <_pytest.python.Metafunc object at 0x000001B144E66F90>
            pytest_make_parametrize_id [hook]
                config: <_pytest.config.Config object at 0x000001B142F57380>
                val: chromium
                argname: browser_name
            finish pytest_make_parametrize_id --> None [hook]
          early skip of rewriting module: encodings.unicode_escape [assertion]
          finish pytest_generate_tests --> [] [hook]
        finish pytest_pycollect_makeitem --> [<Function test_authentication_positive_07[chromium]>] [hook]
      finish pytest_make_collect_report --> <CollectReport 'tests/test_authentication_positive.py' lenresult=1 outcome='passed'> [hook]
    genitems <Function test_authentication_positive_07[chromium]> [collection]
      pytest_itemcollected [hook]
          item: <Function test_authentication_positive_07[chromium]>
      finish pytest_itemcollected --> [] [hook]
      pytest_collectreport [hook]
          report: <CollectReport 'tests/test_authentication_positive.py' lenresult=1 outcome='passed'>
      finish pytest_collectreport --> [] [hook]
      pytest_collectreport [hook]
          report: <CollectReport 'tests' lenresult=2 outcome='passed'>
      finish pytest_collectreport --> [] [hook]
    genitems <Dir utils> [collection]
      pytest_collectstart [hook]
          collector: <Dir utils>
      finish pytest_collectstart --> [] [hook]
      pytest_make_collect_report [hook]
          collector: <Dir utils>
        pytest_ignore_collect [hook]
            config: <_pytest.config.Config object at 0x000001B142F57380>
            collection_path: C:\Users\OmarDorgham\PycharmProjects\Test_login_page\utils\__pycache__
            path: C:\Users\OmarDorgham\PycharmProjects\Test_login_page\utils\__pycache__
        finish pytest_ignore_collect --> True [hook]
        pytest_ignore_collect [hook]
            config: <_pytest.config.Config object at 0x000001B142F57380>
            collection_path: C:\Users\OmarDorgham\PycharmProjects\Test_login_page\utils\excel_updater.py
            path: C:\Users\OmarDorgham\PycharmProjects\Test_login_page\utils\excel_updater.py
        finish pytest_ignore_collect --> None [hook]
        pytest_collect_file [hook]
            parent: <Dir utils>
            file_path: C:\Users\OmarDorgham\PycharmProjects\Test_login_page\utils\excel_updater.py
            path: C:\Users\OmarDorgham\PycharmProjects\Test_login_page\utils\excel_updater.py
        finish pytest_collect_file --> [] [hook]
      finish pytest_make_collect_report --> <CollectReport 'utils' lenresult=0 outcome='passed'> [hook]
      pytest_collectreport [hook]
          report: <CollectReport 'utils' lenresult=0 outcome='passed'>
      finish pytest_collectreport --> [] [hook]
      pytest_collectreport [hook]
          report: <CollectReport '.' lenresult=3 outcome='passed'>
      finish pytest_collectreport --> [] [hook]
      pytest_collection_modifyitems [hook]
          session: <Session  exitstatus=<ExitCode.OK: 0> testsfailed=0 testscollected=0>
          config: <_pytest.config.Config object at 0x000001B142F57380>
          items: [<Function test_authentication_positive_07[chromium]>]
      finish pytest_collection_modifyitems --> [] [hook]
      pytest_collection_finish [hook]
          session: <Session  exitstatus=<ExitCode.OK: 0> testsfailed=0 testscollected=0>
        pytest_report_collectionfinish [hook]
            config: <_pytest.config.Config object at 0x000001B142F57380>
            items: [<Function test_authentication_positive_07[chromium]>]
            start_path: C:\Users\OmarDorgham\PycharmProjects\Test_login_page
            startdir: C:\Users\OmarDorgham\PycharmProjects\Test_login_page
        finish pytest_report_collectionfinish --> [] [hook]
      finish pytest_collection_finish --> [] [hook]
    finish pytest_collection --> None [hook]
    pytest_runtestloop [hook]
        session: <Session  exitstatus=<ExitCode.OK: 0> testsfailed=0 testscollected=1>
      pytest_runtest_protocol [hook]
          item: <Function test_authentication_positive_07[chromium]>
          nextitem: None
        pytest_runtest_logstart [hook]
            nodeid: tests/test_authentication_positive.py::test_authentication_positive_07[chromium]
            location: ('tests\\test_authentication_positive.py', 84, 'test_authentication_positive_07[chromium]')
        finish pytest_runtest_logstart --> [] [hook]
        pytest_runtest_setup [hook]
            item: <Function test_authentication_positive_07[chromium]>
          pytest_fixture_setup [hook]
              fixturedef: <FixtureDef argname='base_url' scope='session' baseid=''>
              request: <SubRequest 'base_url' for <Function test_authentication_positive_07[chromium]>>
          finish pytest_fixture_setup -->  [hook]
          pytest_fixture_setup [hook]
              fixturedef: <FixtureDef argname='_verify_url' scope='session' baseid=''>
              request: <SubRequest '_verify_url' for <Function test_authentication_positive_07[chromium]>>
          finish pytest_fixture_setup --> None [hook]
          pytest_fixture_setup [hook]
              fixturedef: <FixtureDef argname='pytestconfig' scope='session' baseid=''>
              request: <SubRequest 'pytestconfig' for <Function test_authentication_positive_07[chromium]>>
          finish pytest_fixture_setup --> <_pytest.config.Config object at 0x000001B142F57380> [hook]
          pytest_fixture_setup [hook]
              fixturedef: <FixtureDef argname='delete_output_dir' scope='session' baseid=''>
              request: <SubRequest 'delete_output_dir' for <Function test_authentication_positive_07[chromium]>>
          finish pytest_fixture_setup --> None [hook]
          pytest_fixture_setup [hook]
              fixturedef: <FixtureDef argname='browser_type_launch_args' scope='session' baseid=''>
              request: <SubRequest 'browser_type_launch_args' for <Function test_authentication_positive_07[chromium]>>
          finish pytest_fixture_setup --> [hook]
          pytest_fixture_setup [hook]
              fixturedef: <FixtureDef argname='playwright' scope='session' baseid=''>
              request: <SubRequest 'playwright' for <Function test_authentication_positive_07[chromium]>>
          finish pytest_fixture_setup --> <playwright._impl._playwright.Playwright object at 0x000001B144EDC980> [hook]
          pytest_fixture_setup [hook]
              fixturedef: <FixtureDef argname='browser_name' scope='session' baseid=''>
              request: <SubRequest 'browser_name' for <Function test_authentication_positive_07[chromium]>>
          finish pytest_fixture_setup --> chromium [hook]
          pytest_fixture_setup [hook]
              fixturedef: <FixtureDef argname='browser_type' scope='session' baseid=''>
              request: <SubRequest 'browser_type' for <Function test_authentication_positive_07[chromium]>>
          finish pytest_fixture_setup --> <BrowserType name=chromium executable_path=C:\Users\OmarDorgham\AppData\Local\ms-playwright\chromium-1187\chrome-win\chrome.exe> [hook]
          pytest_fixture_setup [hook]
              fixturedef: <FixtureDef argname='connect_options' scope='session' baseid=''>
              request: <SubRequest 'connect_options' for <Function test_authentication_positive_07[chromium]>>
          finish pytest_fixture_setup --> None [hook]
          pytest_fixture_setup [hook]
              fixturedef: <FixtureDef argname='launch_browser' scope='session' baseid=''>
              request: <SubRequest 'launch_browser' for <Function test_authentication_positive_07[chromium]>>
          finish pytest_fixture_setup --> <function launch_browser.<locals>.launch at 0x000001B144ED9F80> [hook]
          pytest_fixture_setup [hook]
              fixturedef: <FixtureDef argname='browser' scope='session' baseid=''>
              request: <SubRequest 'browser' for <Function test_authentication_positive_07[chromium]>>
          finish pytest_fixture_setup --> <Browser type=<BrowserType name=chromium executable_path=C:\Users\OmarDorgham\AppData\Local\ms-playwright\chromium-1187\chrome-win\chrome.exe> version=140.0.7339.16> [hook]
          pytest_fixture_setup [hook]
              fixturedef: <FixtureDef argname='device' scope='session' baseid=''>
              request: <SubRequest 'device' for <Function test_authentication_positive_07[chromium]>>
          finish pytest_fixture_setup --> None [hook]
          pytest_fixture_setup [hook]
              fixturedef: <FixtureDef argname='_pw_artifacts_folder' scope='session' baseid=''>
              request: <SubRequest '_pw_artifacts_folder' for <Function test_authentication_positive_07[chromium]>>
          finish pytest_fixture_setup --> <TemporaryDirectory 'C:\\Users\\OMARDO~1\\AppData\\Local\\Temp\\playwright-pytest-pr93ukzy'> [hook]
          pytest_fixture_setup [hook]
              fixturedef: <FixtureDef argname='browser_context_args' scope='session' baseid=''>
              request: <SubRequest 'browser_context_args' for <Function test_authentication_positive_07[chromium]>>
          finish pytest_fixture_setup --> [hook]
          pytest_fixture_setup [hook]
              fixturedef: <FixtureDef argname='excel_logger' scope='function' baseid=''>
              request: <SubRequest 'excel_logger' for <Function test_authentication_positive_07[chromium]>>
          finish pytest_fixture_setup --> None [hook]
          pytest_fixture_setup [hook]
              fixturedef: <FixtureDef argname='output_path' scope='function' baseid=''>
              request: <SubRequest 'output_path' for <Function test_authentication_positive_07[chromium]>>
          finish pytest_fixture_setup --> C:\Users\OmarDorgham\PycharmProjects\Test_login_page\test-results\tests-test-authentication-positive-py-test-authentication-positive-07-chromium [hook]
          pytest_fixture_setup [hook]
              fixturedef: <FixtureDef argname='_artifacts_recorder' scope='function' baseid=''>
              request: <SubRequest '_artifacts_recorder' for <Function test_authentication_positive_07[chromium]>>
          finish pytest_fixture_setup --> <pytest_playwright.pytest_playwright.ArtifactsRecorder object at 0x000001B144EDD6A0> [hook]
          pytest_fixture_setup [hook]
              fixturedef: <FixtureDef argname='new_context' scope='function' baseid=''>
              request: <SubRequest 'new_context' for <Function test_authentication_positive_07[chromium]>>
          finish pytest_fixture_setup --> <function new_context.<locals>._new_context at 0x000001B144FA89A0> [hook]
          pytest_fixture_setup [hook]
              fixturedef: <FixtureDef argname='context' scope='function' baseid=''>
              request: <SubRequest 'context' for <Function test_authentication_positive_07[chromium]>>
          finish pytest_fixture_setup --> <BrowserContext browser=<Browser type=<BrowserType name=chromium executable_path=C:\Users\OmarDorgham\AppData\Local\ms-playwright\chromium-1187\chrome-win\chrome.exe> version=140.0.7339.16>> [hook]
          pytest_fixture_setup [hook]
              fixturedef: <FixtureDef argname='page' scope='function' baseid=''>
              request: <SubRequest 'page' for <Function test_authentication_positive_07[chromium]>>
          finish pytest_fixture_setup --> <Page url='about:blank'> [hook]
        finish pytest_runtest_setup --> None [hook]
        pytest_runtest_makereport [hook]
            item: <Function test_authentication_positive_07[chromium]>
            call: <CallInfo when='setup' result: None>
        finish pytest_runtest_makereport --> <TestReport 'tests/test_authentication_positive.py::test_authentication_positive_07[chromium]' when='setup' outcome='passed'> [hook]
        pytest_runtest_logreport [hook]
            report: <TestReport 'tests/test_authentication_positive.py::test_authentication_positive_07[chromium]' when='setup' outcome='passed'>
          pytest_report_teststatus [hook]
              report: <TestReport 'tests/test_authentication_positive.py::test_authentication_positive_07[chromium]' when='setup' outcome='passed'>
              config: <_pytest.config.Config object at 0x000001B142F57380>
          finish pytest_report_teststatus --> ('', '', '') [hook]
        finish pytest_runtest_logreport --> [] [hook]
        pytest_runtest_call [hook]
            item: <Function test_authentication_positive_07[chromium]>
          pytest_pyfunc_call [hook]
              pyfuncitem: <Function test_authentication_positive_07[chromium]>
        pytest_runtest_makereport [hook]
            item: <Function test_authentication_positive_07[chromium]>
            call: <CallInfo when='call' excinfo=<ExceptionInfo AssertionError('Locator expected to be visible\nActual value: <element(s) not found> \nCall log:\n  - Expect "to_be_visible" with timeout 5000ms\n  - waiting for get_by_text("Welcome back! Please login to")\n') tblen=32>>
        finish pytest_runtest_makereport --> <TestReport 'tests/test_authentication_positive.py::test_authentication_positive_07[chromium]' when='call' outcome='failed'> [hook]
        pytest_runtest_logreport [hook]
            report: <TestReport 'tests/test_authentication_positive.py::test_authentication_positive_07[chromium]' when='call' outcome='failed'>
          pytest_report_teststatus [hook]
              report: <TestReport 'tests/test_authentication_positive.py::test_authentication_positive_07[chromium]' when='call' outcome='failed'>
              config: <_pytest.config.Config object at 0x000001B142F57380>
          finish pytest_report_teststatus --> ('failed', 'F', 'FAILED') [hook]
        finish pytest_runtest_logreport --> [] [hook]
        pytest_exception_interact [hook]
            node: <Function test_authentication_positive_07[chromium]>
            call: <CallInfo when='call' excinfo=<ExceptionInfo AssertionError('Locator expected to be visible\nActual value: <element(s) not found> \nCall log:\n  - Expect "to_be_visible" with timeout 5000ms\n  - waiting for get_by_text("Welcome back! Please login to")\n') tblen=32>>
            report: <TestReport 'tests/test_authentication_positive.py::test_authentication_positive_07[chromium]' when='call' outcome='failed'>
        finish pytest_exception_interact --> [] [hook]
        pytest_runtest_teardown [hook]
            item: <Function test_authentication_positive_07[chromium]>
            nextitem: None
          pytest_fixture_post_finalizer [hook]
              fixturedef: <FixtureDef argname='page' scope='function' baseid=''>
              request: <SubRequest 'page' for <Function test_authentication_positive_07[chromium]>>
          finish pytest_fixture_post_finalizer --> [] [hook]
          pytest_fixture_post_finalizer [hook]
              fixturedef: <FixtureDef argname='page' scope='function' baseid=''>
              request: <SubRequest 'page' for <Function test_authentication_positive_07[chromium]>>
          finish pytest_fixture_post_finalizer --> [] [hook]
          pytest_fixture_post_finalizer [hook]
              fixturedef: <FixtureDef argname='context' scope='function' baseid=''>
              request: <SubRequest 'context' for <Function test_authentication_positive_07[chromium]>>
          finish pytest_fixture_post_finalizer --> [] [hook]
          pytest_fixture_post_finalizer [hook]
              fixturedef: <FixtureDef argname='context' scope='function' baseid=''>
              request: <SubRequest 'context' for <Function test_authentication_positive_07[chromium]>>
          finish pytest_fixture_post_finalizer --> [] [hook]
          pytest_fixture_post_finalizer [hook]
              fixturedef: <FixtureDef argname='new_context' scope='function' baseid=''>
              request: <SubRequest 'new_context' for <Function test_authentication_positive_07[chromium]>>
          finish pytest_fixture_post_finalizer --> [] [hook]
          pytest_fixture_post_finalizer [hook]
              fixturedef: <FixtureDef argname='new_context' scope='function' baseid=''>
              request: <SubRequest 'new_context' for <Function test_authentication_positive_07[chromium]>>
          finish pytest_fixture_post_finalizer --> [] [hook]
          pytest_fixture_post_finalizer [hook]
              fixturedef: <FixtureDef argname='_artifacts_recorder' scope='function' baseid=''>
              request: <SubRequest '_artifacts_recorder' for <Function test_authentication_positive_07[chromium]>>
          finish pytest_fixture_post_finalizer --> [] [hook]
          pytest_fixture_post_finalizer [hook]
              fixturedef: <FixtureDef argname='_artifacts_recorder' scope='function' baseid=''>
              request: <SubRequest '_artifacts_recorder' for <Function test_authentication_positive_07[chromium]>>
          finish pytest_fixture_post_finalizer --> [] [hook]
          pytest_fixture_post_finalizer [hook]
              fixturedef: <FixtureDef argname='output_path' scope='function' baseid=''>
              request: <SubRequest 'output_path' for <Function test_authentication_positive_07[chromium]>>
          finish pytest_fixture_post_finalizer --> [] [hook]
        early skip of rewriting module: openpyxl.packaging.extended [assertion]
          pytest_fixture_post_finalizer [hook]
              fixturedef: <FixtureDef argname='excel_logger' scope='function' baseid=''>
              request: <SubRequest 'excel_logger' for <Function test_authentication_positive_07[chromium]>>
          finish pytest_fixture_post_finalizer --> [] [hook]
          pytest_fixture_post_finalizer [hook]
              fixturedef: <FixtureDef argname='new_context' scope='function' baseid=''>
              request: <SubRequest 'new_context' for <Function test_authentication_positive_07[chromium]>>
          finish pytest_fixture_post_finalizer --> [] [hook]
          pytest_fixture_post_finalizer [hook]
              fixturedef: <FixtureDef argname='browser_context_args' scope='session' baseid=''>
              request: <SubRequest 'browser_context_args' for <Function test_authentication_positive_07[chromium]>>
          finish pytest_fixture_post_finalizer --> [] [hook]
          pytest_fixture_post_finalizer [hook]
              fixturedef: <FixtureDef argname='_artifacts_recorder' scope='function' baseid=''>
              request: <SubRequest '_artifacts_recorder' for <Function test_authentication_positive_07[chromium]>>
          finish pytest_fixture_post_finalizer --> [] [hook]
          pytest_fixture_post_finalizer [hook]
              fixturedef: <FixtureDef argname='browser_context_args' scope='session' baseid=''>
              request: <SubRequest 'browser_context_args' for <Function test_authentication_positive_07[chromium]>>
          finish pytest_fixture_post_finalizer --> [] [hook]
          pytest_fixture_post_finalizer [hook]
              fixturedef: <FixtureDef argname='_pw_artifacts_folder' scope='session' baseid=''>
              request: <SubRequest '_pw_artifacts_folder' for <Function test_authentication_positive_07[chromium]>>
          finish pytest_fixture_post_finalizer --> [] [hook]
          pytest_fixture_post_finalizer [hook]
              fixturedef: <FixtureDef argname='browser_context_args' scope='session' baseid=''>
              request: <SubRequest 'browser_context_args' for <Function test_authentication_positive_07[chromium]>>
          finish pytest_fixture_post_finalizer --> [] [hook]
          pytest_fixture_post_finalizer [hook]
              fixturedef: <FixtureDef argname='device' scope='session' baseid=''>
              request: <SubRequest 'device' for <Function test_authentication_positive_07[chromium]>>
          finish pytest_fixture_post_finalizer --> [] [hook]
          pytest_fixture_post_finalizer [hook]
              fixturedef: <FixtureDef argname='new_context' scope='function' baseid=''>
              request: <SubRequest 'new_context' for <Function test_authentication_positive_07[chromium]>>
          finish pytest_fixture_post_finalizer --> [] [hook]
          pytest_fixture_post_finalizer [hook]
              fixturedef: <FixtureDef argname='browser' scope='session' baseid=''>
              request: <SubRequest 'browser' for <Function test_authentication_positive_07[chromium]>>
          finish pytest_fixture_post_finalizer --> [] [hook]
          pytest_fixture_post_finalizer [hook]
              fixturedef: <FixtureDef argname='browser' scope='session' baseid=''>
              request: <SubRequest 'browser' for <Function test_authentication_positive_07[chromium]>>
          finish pytest_fixture_post_finalizer --> [] [hook]
          pytest_fixture_post_finalizer [hook]
              fixturedef: <FixtureDef argname='launch_browser' scope='session' baseid=''>
              request: <SubRequest 'launch_browser' for <Function test_authentication_positive_07[chromium]>>
          finish pytest_fixture_post_finalizer --> [] [hook]
          pytest_fixture_post_finalizer [hook]
              fixturedef: <FixtureDef argname='launch_browser' scope='session' baseid=''>
              request: <SubRequest 'launch_browser' for <Function test_authentication_positive_07[chromium]>>
          finish pytest_fixture_post_finalizer --> [] [hook]
          pytest_fixture_post_finalizer [hook]
              fixturedef: <FixtureDef argname='connect_options' scope='session' baseid=''>
              request: <SubRequest 'connect_options' for <Function test_authentication_positive_07[chromium]>>
          finish pytest_fixture_post_finalizer --> [] [hook]
          pytest_fixture_post_finalizer [hook]
              fixturedef: <FixtureDef argname='launch_browser' scope='session' baseid=''>
              request: <SubRequest 'launch_browser' for <Function test_authentication_positive_07[chromium]>>
          finish pytest_fixture_post_finalizer --> [] [hook]
          pytest_fixture_post_finalizer [hook]
              fixturedef: <FixtureDef argname='browser_type' scope='session' baseid=''>
              request: <SubRequest 'browser_type' for <Function test_authentication_positive_07[chromium]>>
          finish pytest_fixture_post_finalizer --> [] [hook]
          pytest_fixture_post_finalizer [hook]
              fixturedef: <FixtureDef argname='browser_type' scope='session' baseid=''>
              request: <SubRequest 'browser_type' for <Function test_authentication_positive_07[chromium]>>
          finish pytest_fixture_post_finalizer --> [] [hook]
          pytest_fixture_post_finalizer [hook]
              fixturedef: <FixtureDef argname='browser_name' scope='session' baseid=''>
              request: <SubRequest 'browser_name' for <Function test_authentication_positive_07[chromium]>>
          finish pytest_fixture_post_finalizer --> [] [hook]
          pytest_fixture_post_finalizer [hook]
              fixturedef: <FixtureDef argname='_artifacts_recorder' scope='function' baseid=''>
              request: <SubRequest '_artifacts_recorder' for <Function test_authentication_positive_07[chromium]>>
          finish pytest_fixture_post_finalizer --> [] [hook]
          pytest_fixture_post_finalizer [hook]
              fixturedef: <FixtureDef argname='browser_context_args' scope='session' baseid=''>
              request: <SubRequest 'browser_context_args' for <Function test_authentication_positive_07[chromium]>>
          finish pytest_fixture_post_finalizer --> [] [hook]
          pytest_fixture_post_finalizer [hook]
              fixturedef: <FixtureDef argname='browser_type' scope='session' baseid=''>
              request: <SubRequest 'browser_type' for <Function test_authentication_positive_07[chromium]>>
          finish pytest_fixture_post_finalizer --> [] [hook]
          pytest_fixture_post_finalizer [hook]
              fixturedef: <FixtureDef argname='playwright' scope='session' baseid=''>
              request: <SubRequest 'playwright' for <Function test_authentication_positive_07[chromium]>>
          finish pytest_fixture_post_finalizer --> [] [hook]
          pytest_fixture_post_finalizer [hook]
              fixturedef: <FixtureDef argname='launch_browser' scope='session' baseid=''>
              request: <SubRequest 'launch_browser' for <Function test_authentication_positive_07[chromium]>>
          finish pytest_fixture_post_finalizer --> [] [hook]
          pytest_fixture_post_finalizer [hook]
              fixturedef: <FixtureDef argname='browser_type_launch_args' scope='session' baseid=''>
              request: <SubRequest 'browser_type_launch_args' for <Function test_authentication_positive_07[chromium]>>
          finish pytest_fixture_post_finalizer --> [] [hook]
          pytest_fixture_post_finalizer [hook]
              fixturedef: <FixtureDef argname='delete_output_dir' scope='session' baseid=''>
              request: <SubRequest 'delete_output_dir' for <Function test_authentication_positive_07[chromium]>>
          finish pytest_fixture_post_finalizer --> [] [hook]
          pytest_fixture_post_finalizer [hook]
              fixturedef: <FixtureDef argname='_artifacts_recorder' scope='function' baseid=''>
              request: <SubRequest '_artifacts_recorder' for <Function test_authentication_positive_07[chromium]>>
          finish pytest_fixture_post_finalizer --> [] [hook]
          pytest_fixture_post_finalizer [hook]
              fixturedef: <FixtureDef argname='output_path' scope='function' baseid=''>
              request: <SubRequest 'output_path' for <Function test_authentication_positive_07[chromium]>>
          finish pytest_fixture_post_finalizer --> [] [hook]
          pytest_fixture_post_finalizer [hook]
              fixturedef: <FixtureDef argname='browser_context_args' scope='session' baseid=''>
              request: <SubRequest 'browser_context_args' for <Function test_authentication_positive_07[chromium]>>
          finish pytest_fixture_post_finalizer --> [] [hook]
          pytest_fixture_post_finalizer [hook]
              fixturedef: <FixtureDef argname='device' scope='session' baseid=''>
              request: <SubRequest 'device' for <Function test_authentication_positive_07[chromium]>>
          finish pytest_fixture_post_finalizer --> [] [hook]
          pytest_fixture_post_finalizer [hook]
              fixturedef: <FixtureDef argname='browser_type_launch_args' scope='session' baseid=''>
              request: <SubRequest 'browser_type_launch_args' for <Function test_authentication_positive_07[chromium]>>
          finish pytest_fixture_post_finalizer --> [] [hook]
          pytest_fixture_post_finalizer [hook]
              fixturedef: <FixtureDef argname='delete_output_dir' scope='session' baseid=''>
              request: <SubRequest 'delete_output_dir' for <Function test_authentication_positive_07[chromium]>>
          finish pytest_fixture_post_finalizer --> [] [hook]
          pytest_fixture_post_finalizer [hook]
              fixturedef: <FixtureDef argname='pytestconfig' scope='session' baseid=''>
              request: <SubRequest 'pytestconfig' for <Function test_authentication_positive_07[chromium]>>
          finish pytest_fixture_post_finalizer --> [] [hook]
          pytest_fixture_post_finalizer [hook]
              fixturedef: <FixtureDef argname='_verify_url' scope='session' baseid=''>
              request: <SubRequest '_verify_url' for <Function test_authentication_positive_07[chromium]>>
          finish pytest_fixture_post_finalizer --> [] [hook]
          pytest_fixture_post_finalizer [hook]
              fixturedef: <FixtureDef argname='browser_context_args' scope='session' baseid=''>
              request: <SubRequest 'browser_context_args' for <Function test_authentication_positive_07[chromium]>>
          finish pytest_fixture_post_finalizer --> [] [hook]
          pytest_fixture_post_finalizer [hook]
              fixturedef: <FixtureDef argname='_verify_url' scope='session' baseid=''>
              request: <SubRequest '_verify_url' for <Function test_authentication_positive_07[chromium]>>
          finish pytest_fixture_post_finalizer --> [] [hook]
          pytest_fixture_post_finalizer [hook]
              fixturedef: <FixtureDef argname='base_url' scope='session' baseid=''>
              request: <SubRequest 'base_url' for <Function test_authentication_positive_07[chromium]>>
          finish pytest_fixture_post_finalizer --> [] [hook]
        finish pytest_runtest_teardown --> None [hook]
        pytest_runtest_makereport [hook]
            item: <Function test_authentication_positive_07[chromium]>
            call: <CallInfo when='teardown' result: None>
        finish pytest_runtest_makereport --> <TestReport 'tests/test_authentication_positive.py::test_authentication_positive_07[chromium]' when='teardown' outcome='passed'> [hook]
        pytest_runtest_logreport [hook]
            report: <TestReport 'tests/test_authentication_positive.py::test_authentication_positive_07[chromium]' when='teardown' outcome='passed'>
          pytest_report_teststatus [hook]
              report: <TestReport 'tests/test_authentication_positive.py::test_authentication_positive_07[chromium]' when='teardown' outcome='passed'>
              config: <_pytest.config.Config object at 0x000001B142F57380>
          finish pytest_report_teststatus --> ('', '', '') [hook]
        finish pytest_runtest_logreport --> [] [hook]
        pytest_runtest_logfinish [hook]
            nodeid: tests/test_authentication_positive.py::test_authentication_positive_07[chromium]
            location: ('tests\\test_authentication_positive.py', 84, 'test_authentication_positive_07[chromium]')
        finish pytest_runtest_logfinish --> [] [hook]
      finish pytest_runtest_protocol --> True [hook]
    finish pytest_runtestloop --> True [hook]
    pytest_sessionfinish [hook]
        session: <Session  exitstatus=<ExitCode.TESTS_FAILED: 1> testsfailed=1 testscollected=1>
        exitstatus: 1
      pytest_terminal_summary [hook]
          terminalreporter: <_pytest.terminal.TerminalReporter object at 0x000001B144E64980>
          exitstatus: 1
          config: <_pytest.config.Config object at 0x000001B142F57380>
        pytest_report_teststatus [hook]
            report: <TestReport 'tests/test_authentication_positive.py::test_authentication_positive_07[chromium]' when='call' outcome='failed'>
            config: <_pytest.config.Config object at 0x000001B142F57380>
        finish pytest_report_teststatus --> ('failed', 'F', 'FAILED') [hook]
      finish pytest_terminal_summary --> [] [hook]
    finish pytest_sessionfinish --> [] [hook]
    pytest_unconfigure [hook]
        config: <_pytest.config.Config object at 0x000001B142F57380>
    finish pytest_unconfigure --> [] [hook]
